c:\users\stevester360\documents\multi-touch-and-mid-air-framework-master\code\tamvizualizer\tamvizualizer\x64\debug\vc120.pdb
c:\users\stevester360\documents\multi-touch-and-mid-air-framework-master\code\tamvizualizer\tamvizualizer\x64\debug\shapedata.obj
c:\users\stevester360\documents\multi-touch-and-mid-air-framework-master\code\tamvizualizer\tamvizualizer\x64\debug\processorthread.obj
c:\users\stevester360\documents\multi-touch-and-mid-air-framework-master\code\tamvizualizer\tamvizualizer\x64\debug\mainwindow.obj
c:\users\stevester360\documents\multi-touch-and-mid-air-framework-master\code\tamvizualizer\tamvizualizer\x64\debug\main.obj
c:\users\stevester360\documents\multi-touch-and-mid-air-framework-master\code\tamvizualizer\tamvizualizer\x64\debug\moc_mainwindow.obj
c:\users\stevester360\documents\multi-touch-and-mid-air-framework-master\code\tamvizualizer\tamvizualizer\x64\debug\moc_debug.obj
c:\users\stevester360\documents\multi-touch-and-mid-air-framework-master\code\tamvizualizer\tamvizualizer\x64\debug\debug.obj
c:\users\stevester360\documents\multi-touch-and-mid-air-framework-master\code\tamvizualizer\tamvizualizer\x64\debug\glwindow.obj
c:\users\stevester360\documents\multi-touch-and-mid-air-framework-master\code\tamvizualizer\tamvizualizer\x64\debug\globaldata.obj
c:\users\stevester360\documents\multi-touch-and-mid-air-framework-master\code\tamvizualizer\tamvizualizer\x64\debug\moc_processorthread.obj
c:\users\stevester360\documents\multi-touch-and-mid-air-framework-master\code\tamvizualizer\tamvizualizer\x64\debug\moc_glwindow.obj
c:\users\stevester360\documents\multi-touch-and-mid-air-framework-master\code\tamvizualizer\tamvizualizer\x64\debug\debugwindow.obj
c:\users\stevester360\documents\multi-touch-and-mid-air-framework-master\code\tamvizualizer\tamvizualizer\generatedfiles\debug\moc_mainwindow.cpp
c:\users\stevester360\documents\multi-touch-and-mid-air-framework-master\code\tamvizualizer\tamvizualizer\generatedfiles\ui_mainwindow.h
c:\users\stevester360\documents\multi-touch-and-mid-air-framework-master\code\tamvizualizer\tamvizualizer\generatedfiles\debug\moc_processorthread.cpp
c:\users\stevester360\documents\multi-touch-and-mid-air-framework-master\code\tamvizualizer\tamvizualizer\generatedfiles\debug\moc_glwindow.cpp
c:\users\stevester360\documents\multi-touch-and-mid-air-framework-master\code\tamvizualizer\tamvizualizer\generatedfiles\debug\moc_debug.cpp
c:\users\stevester360\documents\multi-touch-and-mid-air-framework-master\code\tamvizualizer\tamvizualizer\generatedfiles\qrc_mainwindow.cpp
c:\users\stevester360\documents\multi-touch-and-mid-air-framework-master\code\tamvizualizer\tamvizualizer\x64\debug\tamvizualizer.tlog\cl.command.1.tlog
c:\users\stevester360\documents\multi-touch-and-mid-air-framework-master\code\tamvizualizer\tamvizualizer\x64\debug\tamvizualizer.tlog\cl.read.1.tlog
c:\users\stevester360\documents\multi-touch-and-mid-air-framework-master\code\tamvizualizer\tamvizualizer\x64\debug\tamvizualizer.tlog\cl.write.1.tlog
c:\users\stevester360\documents\multi-touch-and-mid-air-framework-master\code\tamvizualizer\tamvizualizer\x64\debug\tamvizualizer.tlog\custombuild.command.1.tlog
c:\users\stevester360\documents\multi-touch-and-mid-air-framework-master\code\tamvizualizer\tamvizualizer\x64\debug\tamvizualizer.tlog\custombuild.read.1.tlog
c:\users\stevester360\documents\multi-touch-and-mid-air-framework-master\code\tamvizualizer\tamvizualizer\x64\debug\tamvizualizer.tlog\custombuild.write.1.tlog
