c:\users\richin\documents\github\seniorproject\multi-touch-and-mid-air-framework\tamvisualization\tamvisualization\x64\debug\vc120.pdb
c:\users\richin\documents\github\seniorproject\multi-touch-and-mid-air-framework\tamvisualization\tamvisualization\x64\debug\replayarea.obj
c:\users\richin\documents\github\seniorproject\multi-touch-and-mid-air-framework\tamvisualization\tamvisualization\x64\debug\mainwindow.obj
c:\users\richin\documents\github\seniorproject\multi-touch-and-mid-air-framework\tamvisualization\tamvisualization\x64\debug\main.obj
c:\users\richin\documents\github\seniorproject\multi-touch-and-mid-air-framework\tamvisualization\tamvisualization\x64\debug\moc_replayarea.obj
c:\users\richin\documents\github\seniorproject\multi-touch-and-mid-air-framework\tamvisualization\tamvisualization\x64\debug\moc_mainwindow.obj
c:\users\richin\documents\github\seniorproject\multi-touch-and-mid-air-framework\tamvisualization\tamvisualization\x64\debug\qrc_tamvisualization.obj
c:\users\richin\documents\github\seniorproject\multi-touch-and-mid-air-framework\tamvisualization\tamvisualization\generatedfiles\debug\moc_mainwindow.cpp
c:\users\richin\documents\github\seniorproject\multi-touch-and-mid-air-framework\tamvisualization\tamvisualization\generatedfiles\ui_mainwindow.h
c:\users\richin\documents\github\seniorproject\multi-touch-and-mid-air-framework\tamvisualization\tamvisualization\generatedfiles\debug\moc_replayarea.cpp
c:\users\richin\documents\github\seniorproject\multi-touch-and-mid-air-framework\tamvisualization\tamvisualization\generatedfiles\qrc_tamvisualization.cpp
c:\users\richin\documents\github\seniorproject\multi-touch-and-mid-air-framework\tamvisualization\x64\debug\tamvisualization.ilk
c:\users\richin\documents\github\seniorproject\multi-touch-and-mid-air-framework\tamvisualization\x64\debug\tamvisualization.exe
c:\users\richin\documents\github\seniorproject\multi-touch-and-mid-air-framework\tamvisualization\x64\debug\tamvisualization.pdb
c:\users\richin\documents\github\seniorproject\multi-touch-and-mid-air-framework\tamvisualization\tamvisualization\x64\debug\tamvisualization.tlog\cl.command.1.tlog
c:\users\richin\documents\github\seniorproject\multi-touch-and-mid-air-framework\tamvisualization\tamvisualization\x64\debug\tamvisualization.tlog\cl.read.1.tlog
c:\users\richin\documents\github\seniorproject\multi-touch-and-mid-air-framework\tamvisualization\tamvisualization\x64\debug\tamvisualization.tlog\cl.write.1.tlog
c:\users\richin\documents\github\seniorproject\multi-touch-and-mid-air-framework\tamvisualization\tamvisualization\x64\debug\tamvisualization.tlog\custombuild.command.1.tlog
c:\users\richin\documents\github\seniorproject\multi-touch-and-mid-air-framework\tamvisualization\tamvisualization\x64\debug\tamvisualization.tlog\custombuild.read.1.tlog
c:\users\richin\documents\github\seniorproject\multi-touch-and-mid-air-framework\tamvisualization\tamvisualization\x64\debug\tamvisualization.tlog\custombuild.write.1.tlog
c:\users\richin\documents\github\seniorproject\multi-touch-and-mid-air-framework\tamvisualization\tamvisualization\x64\debug\tamvisualization.tlog\link.command.1.tlog
c:\users\richin\documents\github\seniorproject\multi-touch-and-mid-air-framework\tamvisualization\tamvisualization\x64\debug\tamvisualization.tlog\link.read.1.tlog
c:\users\richin\documents\github\seniorproject\multi-touch-and-mid-air-framework\tamvisualization\tamvisualization\x64\debug\tamvisualization.tlog\link.write.1.tlog
