c:\users\richin\documents\github\seniorproject\multi-touch-and-mid-air-framework\code\tamvizualizer\tamvizualizer\x64\release\mainwindow.obj
c:\users\richin\documents\github\seniorproject\multi-touch-and-mid-air-framework\code\tamvizualizer\tamvizualizer\x64\release\main.obj
c:\users\richin\documents\github\seniorproject\multi-touch-and-mid-air-framework\code\tamvizualizer\tamvizualizer\x64\release\moc_mainwindow.obj
c:\users\richin\documents\github\seniorproject\multi-touch-and-mid-air-framework\code\tamvizualizer\tamvizualizer\x64\release\moc_debug.obj
c:\users\richin\documents\github\seniorproject\multi-touch-and-mid-air-framework\code\tamvizualizer\tamvizualizer\x64\release\drawarea.obj
c:\users\richin\documents\github\seniorproject\multi-touch-and-mid-air-framework\code\tamvizualizer\tamvizualizer\x64\release\debug.obj
c:\users\richin\documents\github\seniorproject\multi-touch-and-mid-air-framework\code\tamvizualizer\tamvizualizer\x64\release\qrc_mainwindow.obj
c:\users\richin\documents\github\seniorproject\multi-touch-and-mid-air-framework\code\tamvizualizer\tamvizualizer\generatedfiles\release\moc_mainwindow.cpp
c:\users\richin\documents\github\seniorproject\multi-touch-and-mid-air-framework\code\tamvizualizer\tamvizualizer\generatedfiles\ui_mainwindow.h
c:\users\richin\documents\github\seniorproject\multi-touch-and-mid-air-framework\code\tamvizualizer\tamvizualizer\generatedfiles\release\moc_drawarea.cpp
c:\users\richin\documents\github\seniorproject\multi-touch-and-mid-air-framework\code\tamvizualizer\tamvizualizer\generatedfiles\release\moc_debug.cpp
c:\users\richin\documents\github\seniorproject\multi-touch-and-mid-air-framework\code\tamvizualizer\tamvizualizer\generatedfiles\qrc_mainwindow.cpp
c:\users\richin\documents\github\seniorproject\multi-touch-and-mid-air-framework\code\tamvizualizer\tamvizualizer\x64\release\tamvizualizer.tlog\cl.command.1.tlog
c:\users\richin\documents\github\seniorproject\multi-touch-and-mid-air-framework\code\tamvizualizer\tamvizualizer\x64\release\tamvizualizer.tlog\cl.read.1.tlog
c:\users\richin\documents\github\seniorproject\multi-touch-and-mid-air-framework\code\tamvizualizer\tamvizualizer\x64\release\tamvizualizer.tlog\cl.write.1.tlog
c:\users\richin\documents\github\seniorproject\multi-touch-and-mid-air-framework\code\tamvizualizer\tamvizualizer\x64\release\tamvizualizer.tlog\custombuild.command.1.tlog
c:\users\richin\documents\github\seniorproject\multi-touch-and-mid-air-framework\code\tamvizualizer\tamvizualizer\x64\release\tamvizualizer.tlog\custombuild.read.1.tlog
c:\users\richin\documents\github\seniorproject\multi-touch-and-mid-air-framework\code\tamvizualizer\tamvizualizer\x64\release\tamvizualizer.tlog\custombuild.write.1.tlog
c:\users\richin\documents\github\seniorproject\multi-touch-and-mid-air-framework\code\tamvizualizer\tamvizualizer\x64\release\tamvizualizer.tlog\link-cvtres.read.1.tlog
c:\users\richin\documents\github\seniorproject\multi-touch-and-mid-air-framework\code\tamvizualizer\tamvizualizer\x64\release\tamvizualizer.tlog\link-cvtres.write.1.tlog
c:\users\richin\documents\github\seniorproject\multi-touch-and-mid-air-framework\code\tamvizualizer\tamvizualizer\x64\release\tamvizualizer.tlog\link-rc.read.1.tlog
c:\users\richin\documents\github\seniorproject\multi-touch-and-mid-air-framework\code\tamvizualizer\tamvizualizer\x64\release\tamvizualizer.tlog\link-rc.write.1.tlog
c:\users\richin\documents\github\seniorproject\multi-touch-and-mid-air-framework\code\tamvizualizer\tamvizualizer\x64\release\tamvizualizer.tlog\link.command.1.tlog
c:\users\richin\documents\github\seniorproject\multi-touch-and-mid-air-framework\code\tamvizualizer\tamvizualizer\x64\release\tamvizualizer.tlog\link.read.1.tlog
c:\users\richin\documents\github\seniorproject\multi-touch-and-mid-air-framework\code\tamvizualizer\tamvizualizer\x64\release\tamvizualizer.tlog\link.write.1.tlog
