c:\users\alfred\documents\visual studio 2013\projects\gyroscopevisualizer\gyroscopevisualizer\debug\vc120.pdb
c:\users\alfred\documents\visual studio 2013\projects\gyroscopevisualizer\gyroscopevisualizer\debug\qflightinstruments.obj
c:\users\alfred\documents\visual studio 2013\projects\gyroscopevisualizer\gyroscopevisualizer\debug\main.obj
c:\users\alfred\documents\visual studio 2013\projects\gyroscopevisualizer\gyroscopevisualizer\debug\gyrothread.obj
c:\users\alfred\documents\visual studio 2013\projects\gyroscopevisualizer\gyroscopevisualizer\debug\gyroscopevisualizer.obj
c:\users\alfred\documents\visual studio 2013\projects\gyroscopevisualizer\gyroscopevisualizer\debug\glwindow.obj
c:\users\alfred\documents\visual studio 2013\projects\gyroscopevisualizer\gyroscopevisualizer\debug\moc_qflightinstruments.obj
c:\users\alfred\documents\visual studio 2013\projects\gyroscopevisualizer\gyroscopevisualizer\debug\moc_gyrothread.obj
c:\users\alfred\documents\visual studio 2013\projects\gyroscopevisualizer\gyroscopevisualizer\debug\moc_gyroscopevisualizer.obj
c:\users\alfred\documents\visual studio 2013\projects\gyroscopevisualizer\gyroscopevisualizer\debug\moc_glwindow.obj
c:\users\alfred\documents\visual studio 2013\projects\gyroscopevisualizer\gyroscopevisualizer\debug\moc_aviationvisualizer.obj
c:\users\alfred\documents\visual studio 2013\projects\gyroscopevisualizer\gyroscopevisualizer\debug\aviationvisualizer.obj
c:\users\alfred\documents\visual studio 2013\projects\gyroscopevisualizer\gyroscopevisualizer\debug\qrc_gyroscopevisualizer.obj
c:\users\alfred\documents\visual studio 2013\projects\gyroscopevisualizer\gyroscopevisualizer\generatedfiles\debug\moc_gyroscopevisualizer.cpp
c:\users\alfred\documents\visual studio 2013\projects\gyroscopevisualizer\gyroscopevisualizer\generatedfiles\ui_gyroscopevisualizer.h
c:\users\alfred\documents\visual studio 2013\projects\gyroscopevisualizer\gyroscopevisualizer\generatedfiles\debug\moc_qflightinstruments.cpp
c:\users\alfred\documents\visual studio 2013\projects\gyroscopevisualizer\gyroscopevisualizer\generatedfiles\debug\moc_gyrothread.cpp
c:\users\alfred\documents\visual studio 2013\projects\gyroscopevisualizer\gyroscopevisualizer\generatedfiles\debug\moc_glwindow.cpp
c:\users\alfred\documents\visual studio 2013\projects\gyroscopevisualizer\gyroscopevisualizer\generatedfiles\debug\moc_aviationvisualizer.cpp
c:\users\alfred\documents\visual studio 2013\projects\gyroscopevisualizer\gyroscopevisualizer\generatedfiles\qrc_gyroscopevisualizer.cpp
c:\users\alfred\documents\visual studio 2013\projects\gyroscopevisualizer\win32\debug\gyroscopevisualizer.ilk
c:\users\alfred\documents\visual studio 2013\projects\gyroscopevisualizer\win32\debug\gyroscopevisualizer.exe
c:\users\alfred\documents\visual studio 2013\projects\gyroscopevisualizer\win32\debug\gyroscopevisualizer.pdb
c:\users\alfred\documents\visual studio 2013\projects\gyroscopevisualizer\gyroscopevisualizer\debug\gyroscop.b12702ad.tlog\cl.command.1.tlog
c:\users\alfred\documents\visual studio 2013\projects\gyroscopevisualizer\gyroscopevisualizer\debug\gyroscop.b12702ad.tlog\cl.read.1.tlog
c:\users\alfred\documents\visual studio 2013\projects\gyroscopevisualizer\gyroscopevisualizer\debug\gyroscop.b12702ad.tlog\cl.write.1.tlog
c:\users\alfred\documents\visual studio 2013\projects\gyroscopevisualizer\gyroscopevisualizer\debug\gyroscop.b12702ad.tlog\custombuild.command.1.tlog
c:\users\alfred\documents\visual studio 2013\projects\gyroscopevisualizer\gyroscopevisualizer\debug\gyroscop.b12702ad.tlog\custombuild.read.1.tlog
c:\users\alfred\documents\visual studio 2013\projects\gyroscopevisualizer\gyroscopevisualizer\debug\gyroscop.b12702ad.tlog\custombuild.write.1.tlog
c:\users\alfred\documents\visual studio 2013\projects\gyroscopevisualizer\gyroscopevisualizer\debug\gyroscop.b12702ad.tlog\link.command.1.tlog
c:\users\alfred\documents\visual studio 2013\projects\gyroscopevisualizer\gyroscopevisualizer\debug\gyroscop.b12702ad.tlog\link.read.1.tlog
c:\users\alfred\documents\visual studio 2013\projects\gyroscopevisualizer\gyroscopevisualizer\debug\gyroscop.b12702ad.tlog\link.write.1.tlog
